<?xml version="1.0" encoding="UTF-8"?>
<!-- Generated by org.testng.reporters.JUnitXMLReporter -->
<testsuite hostname="rehan-pc" name="Surefire test" tests="2" failures="1" timestamp="5 Sep 2019 08:26:42 GMT" time="0.023" errors="0">
  <testcase name="testSelectionSortNull" time="0.004" classname="hms.intern.SelectionSortTest"/>
  <testcase name="testSelectionSorts" time="0.002" classname="hms.intern.SelectionSortTest">
    <failure type="java.lang.AssertionError" message=" expected [[I@13a57a3b] but found [[I@7ca48474]">
      <![CDATA[java.lang.AssertionError:  expected [[I@13a57a3b] but found [[I@7ca48474]
	at hms.intern.SelectionSortTest.testSelectionSorts(SelectionSortTest.java:29)
... Removed 34 stack frames]]>
    </failure>
  </testcase> <!-- testSelectionSorts -->
</testsuite> <!-- Surefire test -->
