<?xml version="1.0" encoding="UTF-8"?>
<testng-results skipped="0" failed="0" total="1" passed="1">
  <reporter-output>
  </reporter-output>
  <suite name="Surefire suite" duration-ms="24" started-at="2019-09-05T08:26:42Z" finished-at="2019-09-05T08:26:42Z">
    <groups>
    </groups>
    <test name="Surefire test" duration-ms="24" started-at="2019-09-05T08:26:42Z" finished-at="2019-09-05T08:26:42Z">
      <class name="hms.intern.AppTest">
        <test-method status="PASS" signature="shouldAnswerWithTrue()[pri:0, instance:shouldAnswerWithTrue(hms.intern.AppTest)]" name="shouldAnswerWithTrue" duration-ms="0" started-at="2019-09-05T13:56:42Z" finished-at="2019-09-05T13:56:42Z">
          <reporter-output>
          </reporter-output>
        </test-method> <!-- shouldAnswerWithTrue -->
      </class> <!-- hms.intern.AppTest -->
    </test> <!-- Surefire test -->
  </suite> <!-- Surefire suite -->
</testng-results>
