<?xml version="1.0" encoding="UTF-8"?>
<testsuite xmlns:xsi="http://www.w3.org/2001/XMLSchema-instance" xsi:noNamespaceSchemaLocation="https://maven.apache.org/surefire/maven-surefire-plugin/xsd/surefire-test-report.xsd" name="TestSuite" time="0.269" tests="3" errors="0" skipped="0" failures="1">
  <properties>
[...]
</properties>
  <testcase name="testSelectionSortNull" classname="hms.intern.SelectionSortTest" time="0.004"/>
  <testcase name="testSelectionSorts" classname="hms.intern.SelectionSortTest" time="0.006">
    <failure message=" expected [[I@13a57a3b] but found [[I@7ca48474]" type="java.lang.AssertionError">java.lang.AssertionError:  expected [[I@13a57a3b] but found [[I@7ca48474]
	at hms.intern.SelectionSortTest.testSelectionSorts(SelectionSortTest.java:29)
</failure>
    <system-out><![CDATA[selectionSort
0-1-50-Selection Execution time in nanoseconds  : 1254

Bubble sort
0-1-50-Bubble Execution time in nanoseconds  : 827

insertion sort 
0-1-50-Insertion Execution time in nanoseconds  : 685

]]></system-out>
  </testcase>
  <testcase name="shouldAnswerWithTrue on shouldAnswerWithTrue(hms.intern.AppTest)" classname="hms.intern.AppTest" time="0.001"/>
</testsuite>